Build started 27.12.2016 12:20:04.
     1>Project "C:\Users\Юра\Documents\Visual Studio 2013\Projects\ConsoleApplication9\ConsoleApplication9\ConsoleApplication9.vcxproj" on node 2 (Build target(s)).
     1>ClCompile:
         C:\Program Files (x86)\Microsoft Visual Studio 12.0\VC\bin\CL.exe /c /ZI /nologo /W3 /WX- /sdl /Od /Oy- /D WIN32 /D _DEBUG /D _CONSOLE /D _LIB /D _MBCS /Gm /EHsc /RTC1 /MDd /GS /fp:precise /Zc:wchar_t /Zc:forScope /Yu"stdafx.h" /Fp"Debug\ConsoleApplication9.pch" /Fo"Debug\\" /Fd"Debug\vc120.pdb" /Gd /TP /analyze- /errorReport:prompt ConsoleApplication9.cpp
         ConsoleApplication9.cpp
     1>c:\users\юра\documents\visual studio 2013\projects\consoleapplication9\consoleapplication9\consoleapplication9.cpp(107): warning C4244: '=' : conversion from 'double' to 'LONG', possible loss of data
     1>c:\users\юра\documents\visual studio 2013\projects\consoleapplication9\consoleapplication9\consoleapplication9.cpp(109): warning C4244: '=' : conversion from 'double' to 'LONG', possible loss of data
     1>c:\users\юра\documents\visual studio 2013\projects\consoleapplication9\consoleapplication9\consoleapplication9.cpp(114): warning C4244: '=' : conversion from 'double' to 'LONG', possible loss of data
     1>c:\users\юра\documents\visual studio 2013\projects\consoleapplication9\consoleapplication9\consoleapplication9.cpp(116): warning C4244: '=' : conversion from 'double' to 'LONG', possible loss of data
     1>c:\users\юра\documents\visual studio 2013\projects\consoleapplication9\consoleapplication9\consoleapplication9.cpp(120): warning C4244: '=' : conversion from 'double' to 'LONG', possible loss of data
     1>c:\users\юра\documents\visual studio 2013\projects\consoleapplication9\consoleapplication9\consoleapplication9.cpp(122): warning C4244: '=' : conversion from 'double' to 'LONG', possible loss of data
     1>c:\users\юра\documents\visual studio 2013\projects\consoleapplication9\consoleapplication9\consoleapplication9.cpp(124): warning C4244: '=' : conversion from 'double' to 'LONG', possible loss of data
     1>c:\users\юра\documents\visual studio 2013\projects\consoleapplication9\consoleapplication9\consoleapplication9.cpp(126): warning C4244: '=' : conversion from 'double' to 'LONG', possible loss of data
     1>c:\users\юра\documents\visual studio 2013\projects\consoleapplication9\consoleapplication9\consoleapplication9.cpp(98): warning C4101: 'speedLabel' : unreferenced local variable
     1>c:\users\юра\documents\visual studio 2013\projects\consoleapplication9\consoleapplication9\consoleapplication9.cpp(98): warning C4101: 'dWnd' : unreferenced local variable
     1>c:\users\юра\documents\visual studio 2013\projects\consoleapplication9\consoleapplication9\consoleapplication9.cpp(187): warning C4101: 'p' : unreferenced local variable
     1>c:\users\юра\documents\visual studio 2013\projects\consoleapplication9\consoleapplication9\consoleapplication9.cpp(205): warning C4101: 'hwndButton' : unreferenced local variable
       Link:
         C:\Program Files (x86)\Microsoft Visual Studio 12.0\VC\bin\link.exe /ERRORREPORT:PROMPT /OUT:"C:\Users\Юра\Documents\Visual Studio 2013\Projects\ConsoleApplication9\Debug\ConsoleApplication9.exe" /INCREMENTAL /NOLOGO kernel32.lib user32.lib gdi32.lib winspool.lib comdlg32.lib advapi32.lib shell32.lib ole32.lib oleaut32.lib uuid.lib odbc32.lib odbccp32.lib /MANIFEST /MANIFESTUAC:"level='asInvoker' uiAccess='false'" /manifest:embed /DEBUG /PDB:"C:\Users\Юра\Documents\Visual Studio 2013\Projects\ConsoleApplication9\Debug\ConsoleApplication9.pdb" /SUBSYSTEM:WINDOWS /TLBID:1 /DYNAMICBASE /NXCOMPAT /IMPLIB:"C:\Users\Юра\Documents\Visual Studio 2013\Projects\ConsoleApplication9\Debug\ConsoleApplication9.lib" /MACHINE:X86 Debug\ConsoleApplication9.obj
         Debug\stdafx.obj
         ConsoleApplication9.vcxproj -> C:\Users\Юра\Documents\Visual Studio 2013\Projects\ConsoleApplication9\Debug\ConsoleApplication9.exe
     1>Done Building Project "C:\Users\Юра\Documents\Visual Studio 2013\Projects\ConsoleApplication9\ConsoleApplication9\ConsoleApplication9.vcxproj" (Build target(s)).

Build succeeded.

Time Elapsed 00:00:00.43
